<?xml version="1.0" encoding="UTF-8"?>
<testng-results ignored="0" total="0" passed="0" failed="0" skipped="0">
  <reporter-output>
  </reporter-output>
  <suite started-at="2022-03-28T14:38:39 SAST" name="Command line suite" finished-at="2022-03-28T14:38:46 SAST" duration-ms="6681">
    <groups>
    </groups>
    <test started-at="2022-03-28T14:38:39 SAST" name="Command line test" finished-at="2022-03-28T14:38:46 SAST" duration-ms="6681">
      <class name="com.qa.BaseTest">
        <test-method is-config="true" signature="beforeSuite()[pri:0, instance:com.qa.BaseTest@73d983ea]" started-at="2022-03-28T14:38:37 SAST" name="beforeSuite" finished-at="2022-03-28T14:38:39 SAST" duration-ms="1976" status="PASS">
          <reporter-output>
          </reporter-output>
        </test-method> <!-- beforeSuite -->
        <test-method is-config="true" signature="beforeTest(java.lang.String,java.lang.String,java.lang.String)[pri:0, instance:com.qa.BaseTest@73d983ea]" started-at="2022-03-28T14:38:39 SAST" name="beforeTest" finished-at="2022-03-28T14:38:45 SAST" duration-ms="6394" status="PASS">
          <params>
            <param index="0">
              <value is-null="true"/>
            </param>
            <param index="1">
              <value is-null="true"/>
            </param>
            <param index="2">
              <value is-null="true"/>
            </param>
          </params>
          <reporter-output>
          </reporter-output>
        </test-method> <!-- beforeTest -->
        <test-method is-config="true" signature="afterTest()[pri:0, instance:com.qa.BaseTest@73d983ea]" started-at="2022-03-28T14:38:45 SAST" name="afterTest" finished-at="2022-03-28T14:38:46 SAST" duration-ms="274" status="PASS">
          <reporter-output>
          </reporter-output>
        </test-method> <!-- afterTest -->
        <test-method is-config="true" signature="afterSuite()[pri:0, instance:com.qa.BaseTest@73d983ea]" started-at="2022-03-28T14:38:46 SAST" name="afterSuite" finished-at="2022-03-28T14:38:46 SAST" duration-ms="79" status="PASS">
          <reporter-output>
          </reporter-output>
        </test-method> <!-- afterSuite -->
      </class> <!-- com.qa.BaseTest -->
    </test> <!-- Command line test -->
  </suite> <!-- Command line suite -->
</testng-results>
