<?xml version="1.0" encoding="UTF-8"?>
<testng-results ignored="0" total="3" passed="2" failed="1" skipped="0">
  <reporter-output>
    <line>
      <![CDATA[This is the sample screenshot]]>
    </line>
    <line>
      <![CDATA[<a href='/Users/ordercloud/IdeaProjects/Tap2PayAutomation/Screenshots/Android_9.0_Pixel 4/2022-03-16-08-30-03/LoginTests/CardPay.png'> <img src='/Users/ordercloud/IdeaProjects/Tap2PayAutomation/Screenshots/Android_9.0_Pixel 4/2022-03-16-08-30-03/LoginTests/CardPay.png' height='680' width='350'/> </a>]]>
    </line>
  </reporter-output>
  <suite started-at="2022-03-16T08:30:03 SAST" name="All Test Suite" finished-at="2022-03-16T08:30:25 SAST" duration-ms="22092">
    <groups>
    </groups>
    <test started-at="2022-03-16T08:30:03 SAST" name="/Users/ordercloud/IdeaProjects/TestTap2Pay/testng.xml" finished-at="2022-03-16T08:30:25 SAST" duration-ms="22092">
      <class name="com.qa.tests.LoginTests">
        <test-method is-config="true" signature="beforeSuite()[pri:0, instance:com.qa.tests.LoginTests@32c4e8b2]" started-at="2022-03-16T08:30:02 SAST" name="beforeSuite" finished-at="2022-03-16T08:30:03 SAST" duration-ms="1459" status="PASS">
          <reporter-output>
          </reporter-output>
        </test-method> <!-- beforeSuite -->
        <test-method is-config="true" signature="beforeTest(java.lang.String,java.lang.String,java.lang.String)[pri:0, instance:com.qa.tests.LoginTests@32c4e8b2]" started-at="2022-03-16T08:30:03 SAST" name="beforeTest" finished-at="2022-03-16T08:30:09 SAST" duration-ms="5778" status="PASS">
          <params>
            <param index="0">
              <value>
                <![CDATA[Android]]>
              </value>
            </param>
            <param index="1">
              <value>
                <![CDATA[9.0]]>
              </value>
            </param>
            <param index="2">
              <value>
                <![CDATA[Pixel 4]]>
              </value>
            </param>
          </params>
          <reporter-output>
          </reporter-output>
        </test-method> <!-- beforeTest -->
        <test-method is-config="true" signature="beforeMethod(java.lang.reflect.Method)[pri:0, instance:com.qa.tests.LoginTests@32c4e8b2]" started-at="2022-03-16T08:30:09 SAST" name="beforeMethod" finished-at="2022-03-16T08:30:09 SAST" duration-ms="145" status="PASS">
          <params>
            <param index="0">
              <value>
                <![CDATA[public void com.qa.tests.LoginTests.Walkthrough() throws java.lang.Exception]]>
              </value>
            </param>
          </params>
          <reporter-output>
          </reporter-output>
        </test-method> <!-- beforeMethod -->
        <test-method signature="Walkthrough()[pri:1, instance:com.qa.tests.LoginTests@32c4e8b2]" started-at="2022-03-16T08:30:09 SAST" name="Walkthrough" finished-at="2022-03-16T08:30:16 SAST" duration-ms="7401" status="PASS">
          <reporter-output>
          </reporter-output>
        </test-method> <!-- Walkthrough -->
        <test-method is-config="true" signature="afterMethod()[pri:0, instance:com.qa.tests.LoginTests@32c4e8b2]" started-at="2022-03-16T08:30:16 SAST" name="afterMethod" finished-at="2022-03-16T08:30:16 SAST" duration-ms="0" status="PASS">
          <reporter-output>
          </reporter-output>
        </test-method> <!-- afterMethod -->
        <test-method is-config="true" signature="beforeMethod(java.lang.reflect.Method)[pri:0, instance:com.qa.tests.LoginTests@32c4e8b2]" started-at="2022-03-16T08:30:16 SAST" name="beforeMethod" finished-at="2022-03-16T08:30:16 SAST" duration-ms="1" status="PASS">
          <params>
            <param index="0">
              <value>
                <![CDATA[public void com.qa.tests.LoginTests.PermissionsAccept()]]>
              </value>
            </param>
          </params>
          <reporter-output>
          </reporter-output>
        </test-method> <!-- beforeMethod -->
        <test-method signature="PermissionsAccept()[pri:2, instance:com.qa.tests.LoginTests@32c4e8b2]" started-at="2022-03-16T08:30:16 SAST" name="PermissionsAccept" finished-at="2022-03-16T08:30:19 SAST" duration-ms="2492" status="PASS">
          <reporter-output>
          </reporter-output>
        </test-method> <!-- PermissionsAccept -->
        <test-method is-config="true" signature="afterMethod()[pri:0, instance:com.qa.tests.LoginTests@32c4e8b2]" started-at="2022-03-16T08:30:19 SAST" name="afterMethod" finished-at="2022-03-16T08:30:19 SAST" duration-ms="0" status="PASS">
          <reporter-output>
          </reporter-output>
        </test-method> <!-- afterMethod -->
        <test-method is-config="true" signature="beforeMethod(java.lang.reflect.Method)[pri:0, instance:com.qa.tests.LoginTests@32c4e8b2]" started-at="2022-03-16T08:30:19 SAST" name="beforeMethod" finished-at="2022-03-16T08:30:19 SAST" duration-ms="3" status="PASS">
          <params>
            <param index="0">
              <value>
                <![CDATA[public void com.qa.tests.LoginTests.CardPay() throws java.lang.Exception]]>
              </value>
            </param>
          </params>
          <reporter-output>
          </reporter-output>
        </test-method> <!-- beforeMethod -->
        <test-method signature="CardPay()[pri:3, instance:com.qa.tests.LoginTests@32c4e8b2]" started-at="2022-03-16T08:30:19 SAST" name="CardPay" finished-at="2022-03-16T08:30:24 SAST" duration-ms="5466" status="FAIL">
          <exception class="org.openqa.selenium.NoSuchElementException">
            <message>
              <![CDATA[An element could not be located on the page using the given search parameters.
For documentation on this error, please visit: https://www.seleniumhq.org/exceptions/no_such_element.html
Build info: version: '3.141.59', revision: 'e82be7d358', time: '2018-11-14T08:17:03'
System info: host: 'Johans-MBP-3.localdomain', ip: 'fe80:0:0:0:14f7:f836:aa08:7f67%en0', os.name: 'Mac OS X', os.arch: 'x86_64', os.version: '10.16', java.version: '15.0.2'
Driver info: io.appium.java_client.android.AndroidDriver
Capabilities {app: /Users/ordercloud/IdeaProje..., appActivity: com.ordercloud.tap_to_pay.u..., appPackage: com.ordercloud.tap_to_pay, automationName: UIAutomator2, databaseEnabled: false, desired: {app: /Users/ordercloud/IdeaProje..., appActivity: com.ordercloud.tap_to_pay.u..., appPackage: com.ordercloud.tap_to_pay, automationName: UIAutomator2, deviceName: Pixel 4, platformName: android, platformVersion: 9.0, udid: emulator-5554}, deviceApiLevel: 30, deviceManufacturer: Google, deviceModel: sdk_gphone_x86_arm, deviceName: emulator-5554, deviceScreenDensity: 440, deviceScreenSize: 1080x2280, deviceUDID: emulator-5554, javascriptEnabled: true, locationContextEnabled: false, networkConnectionEnabled: true, pixelRatio: 2.75, platform: LINUX, platformName: Android, platformVersion: 11, statBarHeight: 135, takesScreenshot: true, udid: emulator-5554, viewportRect: {height: 1842, left: 0, top: 135, width: 1080}, warnings: {}, webStorageEnabled: false}
Session ID: 28132cfe-952b-4121-9e3d-49777d9f8cf6
*** Element info: {Using=id, value=com.ordercloud.tap_to_pay:id/btn_card_pay}]]>
            </message>
            <full-stacktrace>
              <![CDATA[org.openqa.selenium.NoSuchElementException: An element could not be located on the page using the given search parameters.
For documentation on this error, please visit: https://www.seleniumhq.org/exceptions/no_such_element.html
Build info: version: '3.141.59', revision: 'e82be7d358', time: '2018-11-14T08:17:03'
System info: host: 'Johans-MBP-3.localdomain', ip: 'fe80:0:0:0:14f7:f836:aa08:7f67%en0', os.name: 'Mac OS X', os.arch: 'x86_64', os.version: '10.16', java.version: '15.0.2'
Driver info: io.appium.java_client.android.AndroidDriver
Capabilities {app: /Users/ordercloud/IdeaProje..., appActivity: com.ordercloud.tap_to_pay.u..., appPackage: com.ordercloud.tap_to_pay, automationName: UIAutomator2, databaseEnabled: false, desired: {app: /Users/ordercloud/IdeaProje..., appActivity: com.ordercloud.tap_to_pay.u..., appPackage: com.ordercloud.tap_to_pay, automationName: UIAutomator2, deviceName: Pixel 4, platformName: android, platformVersion: 9.0, udid: emulator-5554}, deviceApiLevel: 30, deviceManufacturer: Google, deviceModel: sdk_gphone_x86_arm, deviceName: emulator-5554, deviceScreenDensity: 440, deviceScreenSize: 1080x2280, deviceUDID: emulator-5554, javascriptEnabled: true, locationContextEnabled: false, networkConnectionEnabled: true, pixelRatio: 2.75, platform: LINUX, platformName: Android, platformVersion: 11, statBarHeight: 135, takesScreenshot: true, udid: emulator-5554, viewportRect: {height: 1842, left: 0, top: 135, width: 1080}, warnings: {}, webStorageEnabled: false}
Session ID: 28132cfe-952b-4121-9e3d-49777d9f8cf6
*** Element info: {Using=id, value=com.ordercloud.tap_to_pay:id/btn_card_pay}
at java.base/jdk.internal.reflect.NativeConstructorAccessorImpl.newInstance0(Native Method)
at java.base/jdk.internal.reflect.NativeConstructorAccessorImpl.newInstance(NativeConstructorAccessorImpl.java:64)
at java.base/jdk.internal.reflect.DelegatingConstructorAccessorImpl.newInstance(DelegatingConstructorAccessorImpl.java:45)
at java.base/java.lang.reflect.Constructor.newInstanceWithCaller(Constructor.java:500)
at java.base/java.lang.reflect.Constructor.newInstance(Constructor.java:481)
at org.openqa.selenium.remote.http.W3CHttpResponseCodec.createException(W3CHttpResponseCodec.java:187)
at org.openqa.selenium.remote.http.W3CHttpResponseCodec.decode(W3CHttpResponseCodec.java:122)
at org.openqa.selenium.remote.http.W3CHttpResponseCodec.decode(W3CHttpResponseCodec.java:49)
at org.openqa.selenium.remote.HttpCommandExecutor.execute(HttpCommandExecutor.java:158)
at io.appium.java_client.remote.AppiumCommandExecutor.execute(AppiumCommandExecutor.java:247)
at org.openqa.selenium.remote.RemoteWebDriver.execute(RemoteWebDriver.java:552)
at io.appium.java_client.DefaultGenericMobileDriver.execute(DefaultGenericMobileDriver.java:41)
at io.appium.java_client.AppiumDriver.execute(AppiumDriver.java:1)
at io.appium.java_client.android.AndroidDriver.execute(AndroidDriver.java:1)
at org.openqa.selenium.remote.RemoteWebDriver.findElement(RemoteWebDriver.java:323)
at io.appium.java_client.DefaultGenericMobileDriver.findElement(DefaultGenericMobileDriver.java:61)
at io.appium.java_client.AppiumDriver.findElement(AppiumDriver.java:1)
at io.appium.java_client.android.AndroidDriver.findElement(AndroidDriver.java:1)
at org.openqa.selenium.remote.RemoteWebDriver.findElementById(RemoteWebDriver.java:372)
at io.appium.java_client.DefaultGenericMobileDriver.findElementById(DefaultGenericMobileDriver.java:69)
at io.appium.java_client.AppiumDriver.findElementById(AppiumDriver.java:1)
at io.appium.java_client.android.AndroidDriver.findElementById(AndroidDriver.java:1)
at com.qa.tests.LoginTests.CardPay(LoginTests.java:88)
at java.base/jdk.internal.reflect.NativeMethodAccessorImpl.invoke0(Native Method)
at java.base/jdk.internal.reflect.NativeMethodAccessorImpl.invoke(NativeMethodAccessorImpl.java:64)
at java.base/jdk.internal.reflect.DelegatingMethodAccessorImpl.invoke(DelegatingMethodAccessorImpl.java:43)
at java.base/java.lang.reflect.Method.invoke(Method.java:564)
at org.testng.internal.MethodInvocationHelper.invokeMethod(MethodInvocationHelper.java:133)
at org.testng.internal.TestInvoker.invokeMethod(TestInvoker.java:598)
at org.testng.internal.TestInvoker.invokeTestMethod(TestInvoker.java:173)
at org.testng.internal.MethodRunner.runInSequence(MethodRunner.java:46)
at org.testng.internal.TestInvoker$MethodInvocationAgent.invoke(TestInvoker.java:824)
at org.testng.internal.TestInvoker.invokeTestMethods(TestInvoker.java:146)
at org.testng.internal.TestMethodWorker.invokeTestMethods(TestMethodWorker.java:146)
at org.testng.internal.TestMethodWorker.run(TestMethodWorker.java:128)
at java.base/java.util.ArrayList.forEach(ArrayList.java:1511)
at org.testng.TestRunner.privateRun(TestRunner.java:794)
at org.testng.TestRunner.run(TestRunner.java:596)
at org.testng.SuiteRunner.runTest(SuiteRunner.java:377)
at org.testng.SuiteRunner.runSequentially(SuiteRunner.java:371)
at org.testng.SuiteRunner.privateRun(SuiteRunner.java:332)
at org.testng.SuiteRunner.run(SuiteRunner.java:276)
at org.testng.SuiteRunnerWorker.runSuite(SuiteRunnerWorker.java:53)
at org.testng.SuiteRunnerWorker.run(SuiteRunnerWorker.java:96)
at org.testng.TestNG.runSuitesSequentially(TestNG.java:1212)
at org.testng.TestNG.runSuitesLocally(TestNG.java:1134)
at org.testng.TestNG.runSuites(TestNG.java:1063)
at org.testng.TestNG.run(TestNG.java:1031)
at com.intellij.rt.testng.IDEARemoteTestNG.run(IDEARemoteTestNG.java:66)
at com.intellij.rt.testng.RemoteTestNGStarter.main(RemoteTestNGStarter.java:109)
]]>
            </full-stacktrace>
          </exception> <!-- org.openqa.selenium.NoSuchElementException -->
          <reporter-output>
            <line>
              <![CDATA[This is the sample screenshot]]>
            </line>
            <line>
              <![CDATA[<a href='/Users/ordercloud/IdeaProjects/Tap2PayAutomation/Screenshots/Android_9.0_Pixel 4/2022-03-16-08-30-03/LoginTests/CardPay.png'> <img src='/Users/ordercloud/IdeaProjects/Tap2PayAutomation/Screenshots/Android_9.0_Pixel 4/2022-03-16-08-30-03/LoginTests/CardPay.png' height='680' width='350'/> </a>]]>
            </line>
          </reporter-output>
        </test-method> <!-- CardPay -->
        <test-method is-config="true" signature="afterMethod()[pri:0, instance:com.qa.tests.LoginTests@32c4e8b2]" started-at="2022-03-16T08:30:25 SAST" name="afterMethod" finished-at="2022-03-16T08:30:25 SAST" duration-ms="0" status="PASS">
          <reporter-output>
          </reporter-output>
        </test-method> <!-- afterMethod -->
        <test-method is-config="true" signature="afterTest()[pri:0, instance:com.qa.tests.LoginTests@32c4e8b2]" started-at="2022-03-16T08:30:25 SAST" name="afterTest" finished-at="2022-03-16T08:30:25 SAST" duration-ms="378" status="PASS">
          <reporter-output>
          </reporter-output>
        </test-method> <!-- afterTest -->
        <test-method is-config="true" signature="afterSuite()[pri:0, instance:com.qa.tests.LoginTests@32c4e8b2]" started-at="2022-03-16T08:30:25 SAST" name="afterSuite" finished-at="2022-03-16T08:30:25 SAST" duration-ms="78" status="PASS">
          <reporter-output>
          </reporter-output>
        </test-method> <!-- afterSuite -->
      </class> <!-- com.qa.tests.LoginTests -->
    </test> <!-- /Users/ordercloud/IdeaProjects/TestTap2Pay/testng.xml -->
  </suite> <!-- All Test Suite -->
</testng-results>
